0 info it worked if it ends with ok
1 verbose cli [ '/home/brigette/.nvm/versions/node/v7.4.0/bin/node',
1 verbose cli   '/home/brigette/.nvm/versions/node/v7.4.0/bin/npm',
1 verbose cli   'install',
1 verbose cli   'sass' ]
2 info using npm@4.0.5
3 info using node@v7.4.0
4 silly loadCurrentTree Starting
5 silly install loadCurrentTree
6 silly install readLocalPackageData
7 silly fetchPackageMetaData sass
8 silly fetchNamedPackageData sass
9 silly mapToRegistry name sass
10 silly mapToRegistry using default registry
11 silly mapToRegistry registry https://registry.npmjs.org/
12 silly mapToRegistry data Result {
12 silly mapToRegistry   raw: 'sass',
12 silly mapToRegistry   scope: null,
12 silly mapToRegistry   escapedName: 'sass',
12 silly mapToRegistry   name: 'sass',
12 silly mapToRegistry   rawSpec: '',
12 silly mapToRegistry   spec: 'latest',
12 silly mapToRegistry   type: 'tag' }
13 silly mapToRegistry uri https://registry.npmjs.org/sass
14 verbose request uri https://registry.npmjs.org/sass
15 verbose request no auth needed
16 info attempt registry request try #1 at 10:31:21 AM
17 verbose request id 928def0a09ec0f92
18 http request GET https://registry.npmjs.org/sass
19 http 200 https://registry.npmjs.org/sass
20 verbose headers { server: 'nginx/1.10.1',
20 verbose headers   'content-type': 'application/json',
20 verbose headers   'last-modified': 'Tue, 29 Sep 2009 17:21:33 GMT',
20 verbose headers   etag: 'W/"4ac2421d-c0c"',
20 verbose headers   'content-encoding': 'gzip',
20 verbose headers   'cache-control': 'max-age=300',
20 verbose headers   'content-length': '796',
20 verbose headers   'accept-ranges': 'bytes',
20 verbose headers   date: 'Fri, 20 Jan 2017 18:31:21 GMT',
20 verbose headers   via: '1.1 varnish',
20 verbose headers   age: '0',
20 verbose headers   connection: 'keep-alive',
20 verbose headers   'x-served-by': 'cache-sjc3649-SJC',
20 verbose headers   'x-cache': 'HIT',
20 verbose headers   'x-cache-hits': '1',
20 verbose headers   'x-timer': 'S1484937081.594073,VS0,VE19',
20 verbose headers   vary: 'Accept-Encoding' }
21 silly get cb [ 200,
21 silly get   { server: 'nginx/1.10.1',
21 silly get     'content-type': 'application/json',
21 silly get     'last-modified': 'Tue, 29 Sep 2009 17:21:33 GMT',
21 silly get     etag: 'W/"4ac2421d-c0c"',
21 silly get     'content-encoding': 'gzip',
21 silly get     'cache-control': 'max-age=300',
21 silly get     'content-length': '796',
21 silly get     'accept-ranges': 'bytes',
21 silly get     date: 'Fri, 20 Jan 2017 18:31:21 GMT',
21 silly get     via: '1.1 varnish',
21 silly get     age: '0',
21 silly get     connection: 'keep-alive',
21 silly get     'x-served-by': 'cache-sjc3649-SJC',
21 silly get     'x-cache': 'HIT',
21 silly get     'x-cache-hits': '1',
21 silly get     'x-timer': 'S1484937081.594073,VS0,VE19',
21 silly get     vary: 'Accept-Encoding' } ]
22 verbose get saving sass to /home/brigette/.npm/registry.npmjs.org/sass/.cache.json
23 verbose correctMkdir /home/brigette/.npm correctMkdir not in flight; initializing
24 silly install normalizeTree
25 silly loadCurrentTree Finishing
26 silly loadIdealTree Starting
27 silly install loadIdealTree
28 silly cloneCurrentTree Starting
29 silly install cloneCurrentTreeToIdealTree
30 silly cloneCurrentTree Finishing
31 silly loadShrinkwrap Starting
32 silly install loadShrinkwrap
33 silly loadShrinkwrap Finishing
34 silly loadAllDepsIntoIdealTree Starting
35 silly install loadAllDepsIntoIdealTree
36 silly resolveWithNewModule sass@0.5.0 checking installable status
37 silly cache add args [ 'sass', null ]
38 verbose cache add spec sass
39 silly cache add parsed spec Result {
39 silly cache add   raw: 'sass',
39 silly cache add   scope: null,
39 silly cache add   escapedName: 'sass',
39 silly cache add   name: 'sass',
39 silly cache add   rawSpec: '',
39 silly cache add   spec: 'latest',
39 silly cache add   type: 'tag' }
40 silly addNamed sass@latest
41 verbose addNamed "latest" is being treated as a dist-tag for sass
42 info addNameTag [ 'sass', 'latest' ]
43 silly mapToRegistry name sass
44 silly mapToRegistry using default registry
45 silly mapToRegistry registry https://registry.npmjs.org/
46 silly mapToRegistry data Result {
46 silly mapToRegistry   raw: 'sass',
46 silly mapToRegistry   scope: null,
46 silly mapToRegistry   escapedName: 'sass',
46 silly mapToRegistry   name: 'sass',
46 silly mapToRegistry   rawSpec: '',
46 silly mapToRegistry   spec: 'latest',
46 silly mapToRegistry   type: 'tag' }
47 silly mapToRegistry uri https://registry.npmjs.org/sass
48 verbose addNameTag registry:https://registry.npmjs.org/sass not in flight; fetching
49 verbose get https://registry.npmjs.org/sass not expired, no request
50 silly addNameTag next cb for sass with tag latest
51 silly addNamed sass@0.5.0
52 verbose addNamed "0.5.0" is a plain semver version for sass
53 silly mapToRegistry name sass
54 silly mapToRegistry using default registry
55 silly mapToRegistry registry https://registry.npmjs.org/
56 silly mapToRegistry data Result {
56 silly mapToRegistry   raw: 'sass',
56 silly mapToRegistry   scope: null,
56 silly mapToRegistry   escapedName: 'sass',
56 silly mapToRegistry   name: 'sass',
56 silly mapToRegistry   rawSpec: '',
56 silly mapToRegistry   spec: 'latest',
56 silly mapToRegistry   type: 'tag' }
57 silly mapToRegistry uri https://registry.npmjs.org/sass
58 verbose addRemoteTarball https://registry.npmjs.org/sass/-/sass-0.5.0.tgz not in flight; adding
59 verbose addRemoteTarball [ 'https://registry.npmjs.org/sass/-/sass-0.5.0.tgz',
59 verbose addRemoteTarball   '9dee1183a0f400361f2c5d3453bf2e54705e03f9' ]
60 info retry fetch attempt 1 at 10:31:21 AM
61 info attempt registry request try #1 at 10:31:21 AM
62 http fetch GET https://registry.npmjs.org/sass/-/sass-0.5.0.tgz
63 http fetch 200 https://registry.npmjs.org/sass/-/sass-0.5.0.tgz
64 silly fetchAndShaCheck shasum 9dee1183a0f400361f2c5d3453bf2e54705e03f9
65 verbose addTmpTarball /tmp/npm-1804-ead79027/registry.npmjs.org/sass/-/sass-0.5.0.tgz not in flight; adding
66 verbose addTmpTarball already have metadata; skipping unpack for sass@0.5.0
67 verbose correctMkdir /home/brigette/.npm correctMkdir not in flight; initializing
68 silly cache afterAdd sass@0.5.0
69 verbose afterAdd /home/brigette/.npm/sass/0.5.0/package/package.json not in flight; writing
70 verbose correctMkdir /home/brigette/.npm correctMkdir not in flight; initializing
71 verbose afterAdd /home/brigette/.npm/sass/0.5.0/package/package.json written
72 silly loadAllDepsIntoIdealTree Finishing
73 silly loadIdealTree Finishing
74 silly currentTree Brigette-Eckert.github.io
74 silly currentTree ├── async@0.9.0
74 silly currentTree ├── colors@1.0.3
74 silly currentTree ├── corser@2.0.1
74 silly currentTree ├── ecstatic@1.4.1
74 silly currentTree ├── eventemitter3@1.2.0
74 silly currentTree ├── he@0.5.0
74 silly currentTree ├── http-proxy@1.16.2
74 silly currentTree ├── http-server@0.9.0
74 silly currentTree ├── mime@1.3.4
74 silly currentTree ├── minimist@1.2.0
74 silly currentTree ├─┬ mkdirp@0.5.1
74 silly currentTree │ └── minimist@0.0.8
74 silly currentTree ├── opener@1.4.2
74 silly currentTree ├─┬ optimist@0.6.1
74 silly currentTree │ └── minimist@0.0.10
74 silly currentTree ├── portfinder@0.4.0
74 silly currentTree ├── qs@2.3.3
74 silly currentTree ├── requires-port@1.0.0
74 silly currentTree ├── union@0.4.6
74 silly currentTree ├── url-join@1.1.0
74 silly currentTree └── wordwrap@0.0.3
75 silly idealTree Brigette-Eckert.github.io
75 silly idealTree ├── async@0.9.0
75 silly idealTree ├── colors@1.0.3
75 silly idealTree ├── corser@2.0.1
75 silly idealTree ├── ecstatic@1.4.1
75 silly idealTree ├── eventemitter3@1.2.0
75 silly idealTree ├── he@0.5.0
75 silly idealTree ├── http-proxy@1.16.2
75 silly idealTree ├── http-server@0.9.0
75 silly idealTree ├── mime@1.3.4
75 silly idealTree ├── minimist@1.2.0
75 silly idealTree ├─┬ mkdirp@0.5.1
75 silly idealTree │ └── minimist@0.0.8
75 silly idealTree ├── opener@1.4.2
75 silly idealTree ├─┬ optimist@0.6.1
75 silly idealTree │ └── minimist@0.0.10
75 silly idealTree ├── portfinder@0.4.0
75 silly idealTree ├── qs@2.3.3
75 silly idealTree ├── requires-port@1.0.0
75 silly idealTree ├── sass@0.5.0
75 silly idealTree ├── union@0.4.6
75 silly idealTree ├── url-join@1.1.0
75 silly idealTree └── wordwrap@0.0.3
76 silly generateActionsToTake Starting
77 silly install generateActionsToTake
78 warn checkPermissions Missing write access to /home/brigette/Code/Brigette-Eckert.github.io/node_modules
79 silly rollbackFailedOptional Starting
80 silly rollbackFailedOptional Finishing
81 silly runTopLevelLifecycles Finishing
82 silly install printInstalled
83 warn enoent ENOENT: no such file or directory, open '/home/brigette/Code/Brigette-Eckert.github.io/package.json'
84 verbose enoent ENOENT: no such file or directory, open '/home/brigette/Code/Brigette-Eckert.github.io/package.json'
84 verbose enoent This is most likely not a problem with npm itself
84 verbose enoent and is related to npm not being able to find a file.
85 warn Brigette-Eckert.github.io No description
86 verbose If you need help, you may report this error at:
86 verbose     <https://github.com/npm/npm/issues>
87 warn Brigette-Eckert.github.io No repository field.
88 verbose If you need help, you may report this error at:
88 verbose     <https://github.com/npm/npm/issues>
89 warn Brigette-Eckert.github.io No README data
90 verbose If you need help, you may report this error at:
90 verbose     <https://github.com/npm/npm/issues>
91 warn Brigette-Eckert.github.io No license field.
92 verbose If you need help, you may report this error at:
92 verbose     <https://github.com/npm/npm/issues>
93 verbose stack Error: EACCES: permission denied, access '/home/brigette/Code/Brigette-Eckert.github.io/node_modules'
94 verbose cwd /home/brigette/Code/Brigette-Eckert.github.io
95 error Linux 4.9.2-040902-generic
96 error argv "/home/brigette/.nvm/versions/node/v7.4.0/bin/node" "/home/brigette/.nvm/versions/node/v7.4.0/bin/npm" "install" "sass"
97 error node v7.4.0
98 error npm  v4.0.5
99 error path /home/brigette/Code/Brigette-Eckert.github.io/node_modules
100 error code EACCES
101 error errno -13
102 error syscall access
103 error Error: EACCES: permission denied, access '/home/brigette/Code/Brigette-Eckert.github.io/node_modules'
103 error  { Error: EACCES: permission denied, access '/home/brigette/Code/Brigette-Eckert.github.io/node_modules'
103 error   errno: -13,
103 error   code: 'EACCES',
103 error   syscall: 'access',
103 error   path: '/home/brigette/Code/Brigette-Eckert.github.io/node_modules' }
104 error Please try running this command again as root/Administrator.
105 verbose exit [ -13, true ]
